2023-12-09 20:24:46,028 - folder sorter - INFO - Programm gestartet
2023-12-09 20:24:46,191 - folder sorter - DEBUG - Opening menu
2023-12-09 20:24:46,192 - folder sorter - DEBUG - Clearing window
2023-12-09 20:24:47,594 - folder sorter - DEBUG - Opening main menu
2023-12-09 20:24:47,594 - folder sorter - DEBUG - Clearing window
2023-12-09 20:24:50,438 - folder sorter - DEBUG - Sorting endings
2023-12-09 20:24:50,438 - folder sorter - DEBUG - audio.wav
2023-12-09 20:24:50,438 - folder sorter - WARNING - No ending found
2023-12-09 20:24:50,438 - folder sorter - WARNING - No ending found
2023-12-09 20:24:50,438 - folder sorter - DEBUG - bild.png
2023-12-09 20:24:50,438 - folder sorter - WARNING - No ending found
2023-12-09 20:24:50,438 - folder sorter - WARNING - No ending found
2023-12-09 20:24:50,438 - folder sorter - DEBUG - dokum.txt
2023-12-09 20:24:50,439 - folder sorter - WARNING - No ending found
2023-12-09 20:24:50,439 - folder sorter - WARNING - No ending found
2023-12-09 20:24:50,439 - folder sorter - DEBUG - dreid.obj
2023-12-09 20:24:50,439 - folder sorter - WARNING - No ending found
2023-12-09 20:24:50,439 - folder sorter - WARNING - No ending found
2023-12-09 20:24:50,439 - folder sorter - DEBUG - dukument.pdf
2023-12-09 20:24:50,439 - folder sorter - WARNING - No ending found
2023-12-09 20:24:50,439 - folder sorter - WARNING - No ending found
2023-12-09 20:24:50,439 - folder sorter - DEBUG - exekutqwable.exe
2023-12-09 20:24:50,439 - folder sorter - WARNING - No ending found
2023-12-09 20:24:50,439 - folder sorter - WARNING - No ending found
2023-12-09 20:24:50,439 - folder sorter - DEBUG - komp.zip
2023-12-09 20:24:50,439 - folder sorter - WARNING - No ending found
2023-12-09 20:24:50,439 - folder sorter - WARNING - No ending found
2023-12-09 20:24:50,439 - folder sorter - DEBUG - ruby.rb
2023-12-09 20:24:50,439 - folder sorter - WARNING - No ending found
2023-12-09 20:24:50,439 - folder sorter - WARNING - No ending found
2023-12-09 20:24:50,439 - folder sorter - DEBUG - video.mp4
2023-12-09 20:24:50,439 - folder sorter - WARNING - No ending found
2023-12-09 20:24:50,439 - folder sorter - WARNING - No ending found
2023-12-09 20:24:57,764 - folder sorter - DEBUG - Opening menu
2023-12-09 20:24:57,764 - folder sorter - DEBUG - Clearing window
2023-12-09 21:29:34,910 - folder sorter - INFO - Programm gestartet
2023-12-09 21:29:35,122 - folder sorter - DEBUG - Opening menu
2023-12-09 21:29:35,122 - folder sorter - DEBUG - Clearing window
2023-12-09 21:29:36,095 - folder sorter - DEBUG - Opening main menu
2023-12-09 21:29:36,095 - folder sorter - DEBUG - Clearing window
2023-12-09 21:29:38,211 - folder sorter - DEBUG - Sorting endings
2023-12-09 21:29:38,211 - folder sorter - DEBUG - audio.wav
2023-12-09 21:29:38,211 - folder sorter - WARNING - No ending found
2023-12-09 21:29:38,211 - folder sorter - WARNING - No ending found
2023-12-09 21:29:38,211 - folder sorter - DEBUG - bild.png
2023-12-09 21:29:38,211 - folder sorter - WARNING - No ending found
2023-12-09 21:29:38,211 - folder sorter - WARNING - No ending found
2023-12-09 21:29:38,211 - folder sorter - DEBUG - dokum.txt
2023-12-09 21:29:38,211 - folder sorter - WARNING - No ending found
2023-12-09 21:29:38,211 - folder sorter - WARNING - No ending found
2023-12-09 21:29:38,211 - folder sorter - DEBUG - dreid.obj
2023-12-09 21:29:38,212 - folder sorter - WARNING - No ending found
2023-12-09 21:29:38,212 - folder sorter - WARNING - No ending found
2023-12-09 21:29:38,212 - folder sorter - DEBUG - dukument.pdf
2023-12-09 21:29:38,212 - folder sorter - WARNING - No ending found
2023-12-09 21:29:38,212 - folder sorter - WARNING - No ending found
2023-12-09 21:29:38,212 - folder sorter - DEBUG - exekutqwable.exe
2023-12-09 21:29:38,212 - folder sorter - WARNING - No ending found
2023-12-09 21:29:38,212 - folder sorter - WARNING - No ending found
2023-12-09 21:29:38,212 - folder sorter - DEBUG - komp.zip
2023-12-09 21:29:38,212 - folder sorter - WARNING - No ending found
2023-12-09 21:29:38,212 - folder sorter - WARNING - No ending found
2023-12-09 21:29:38,212 - folder sorter - DEBUG - ruby.rb
2023-12-09 21:29:38,212 - folder sorter - WARNING - No ending found
2023-12-09 21:29:38,212 - folder sorter - WARNING - No ending found
2023-12-09 21:29:38,212 - folder sorter - DEBUG - video.mp4
2023-12-09 21:29:38,212 - folder sorter - WARNING - No ending found
2023-12-09 21:29:38,212 - folder sorter - WARNING - No ending found
2023-12-09 21:29:41,528 - folder sorter - DEBUG - Opening menu
2023-12-09 21:29:41,528 - folder sorter - DEBUG - Clearing window
